<?xml version="1.0" encoding="UTF-8"?>
<robot generator="Robot 7.0 (Python 3.12.2 on win32)" generated="2024-04-08T14:19:49.531552" rpa="false" schemaversion="5">
<suite id="s1" name="Test Suite" source="C:\Users\behip\Desktop\testai_project\test_suite.robot">
<test id="s1-t1" name="Open google.com" line="6">
<kw name="Open Browser" owner="SeleniumLibrary">
<arg>https://google.com</arg>
<arg>chrome</arg>
<doc>Opens a new browser instance to the optional ``url``.</doc>
<status status="PASS" start="2024-04-08T14:19:49.931148" elapsed="3.516786"/>
</kw>
<status status="PASS" start="2024-04-08T14:19:49.922977" elapsed="3.524957"/>
</test>
<status status="PASS" start="2024-04-08T14:19:49.547734" elapsed="3.900200"/>
</suite>
<statistics>
<total>
<stat pass="1" fail="0" skip="0">All Tests</stat>
</total>
<tag>
</tag>
<suite>
<stat pass="1" fail="0" skip="0" id="s1" name="Test Suite">Test Suite</stat>
</suite>
</statistics>
<errors>
</errors>
</robot>
